<?xml version="1.0" encoding="UTF-8"?>
<testng-results ignored="0" total="2" passed="2" failed="0" skipped="0">
  <reporter-output>
  </reporter-output>
  <suite started-at="2024-04-29T21:23:04 IST" name="Default suite" finished-at="2024-04-29T21:23:04 IST" duration-ms="92">
    <groups>
    </groups>
    <test started-at="2024-04-29T21:23:04 IST" name="Default test" finished-at="2024-04-29T21:23:04 IST" duration-ms="92">
      <class name="sampleTestNgProgram.Program1">
        <test-method signature="create()[pri:1, instance:sampleTestNgProgram.Program1@27ff5d15]" started-at="2024-04-29T21:23:04 IST" name="create" finished-at="2024-04-29T21:23:04 IST" duration-ms="15" status="PASS">
          <reporter-output>
          </reporter-output>
        </test-method> <!-- create -->
        <test-method signature="delete()[pri:3, instance:sampleTestNgProgram.Program1@27ff5d15]" started-at="2024-04-29T21:23:04 IST" name="delete" finished-at="2024-04-29T21:23:04 IST" duration-ms="5" status="PASS">
          <reporter-output>
          </reporter-output>
        </test-method> <!-- delete -->
      </class> <!-- sampleTestNgProgram.Program1 -->
    </test> <!-- Default test -->
  </suite> <!-- Default suite -->
</testng-results>
